Using pre-set license
Built from '2021.3/staging' branch; Version is '2021.3.3f1 (af2e63e8f9bd) revision 11480675'; Using compiler version '192829333'; Build Type 'Release'
OS: 'Windows 10  (10.0.19042) 64bit Professional' Language: 'en' Physical Memory: 16334 MB
BatchMode: 1, IsHumanControllingUs: 0, StartBugReporterOnCrash: 0, Is64bit: 1, IsPro: 1

COMMAND LINE ARGUMENTS:
C:\Program Files\Unity\Hub\Editor\2021.3.3f1\Editor\Unity.exe
-adb2
-batchMode
-noUpm
-name
AssetImportWorker0
-projectPath
C:/Users/darrin/Cybercrunk
-logFile
Logs/AssetImportWorker0.log
-srvPort
60727
Successfully changed project path to: C:/Users/darrin/Cybercrunk
C:/Users/darrin/Cybercrunk
[UnityMemory] Configuration Parameters - Can be set up in boot.config
    "memorysetup-bucket-allocator-granularity=16"
    "memorysetup-bucket-allocator-bucket-count=8"
    "memorysetup-bucket-allocator-block-size=33554432"
    "memorysetup-bucket-allocator-block-count=8"
    "memorysetup-main-allocator-block-size=16777216"
    "memorysetup-thread-allocator-block-size=16777216"
    "memorysetup-gfx-main-allocator-block-size=16777216"
    "memorysetup-gfx-thread-allocator-block-size=16777216"
    "memorysetup-cache-allocator-block-size=4194304"
    "memorysetup-typetree-allocator-block-size=2097152"
    "memorysetup-profiler-bucket-allocator-granularity=16"
    "memorysetup-profiler-bucket-allocator-bucket-count=8"
    "memorysetup-profiler-bucket-allocator-block-size=33554432"
    "memorysetup-profiler-bucket-allocator-block-count=8"
    "memorysetup-profiler-allocator-block-size=16777216"
    "memorysetup-profiler-editor-allocator-block-size=1048576"
    "memorysetup-temp-allocator-size-main=16777216"
    "memorysetup-job-temp-allocator-block-size=2097152"
    "memorysetup-job-temp-allocator-block-size-background=1048576"
    "memorysetup-job-temp-allocator-reduction-small-platforms=262144"
    "memorysetup-temp-allocator-size-background-worker=32768"
    "memorysetup-temp-allocator-size-job-worker=262144"
    "memorysetup-temp-allocator-size-preload-manager=33554432"
    "memorysetup-temp-allocator-size-nav-mesh-worker=65536"
    "memorysetup-temp-allocator-size-audio-worker=65536"
    "memorysetup-temp-allocator-size-cloud-worker=32768"
    "memorysetup-temp-allocator-size-gi-baking-worker=262144"
    "memorysetup-temp-allocator-size-gfx=262144"
Refreshing native plugins compatible for Editor in 118.56 ms, found 4 plugins.
Preloading 0 native plugins for Editor in 0.00 ms.
Initialize engine version: 2021.3.3f1 (af2e63e8f9bd)
[Subsystems] Discovering subsystems at path C:/Program Files/Unity/Hub/Editor/2021.3.3f1/Editor/Data/Resources/UnitySubsystems
[Subsystems] Discovering subsystems at path C:/Users/darrin/Cybercrunk/Assets
GfxDevice: creating device client; threaded=0; jobified=0
Direct3D:
    Version:  Direct3D 11.0 [level 11.1]
    Renderer: AMD Radeon RX 5700 XT (ID=0x731f)
    Vendor:   ATI
    VRAM:     8151 MB
    Driver:   30.0.15002.1004
Initialize mono
Mono path[0] = 'C:/Program Files/Unity/Hub/Editor/2021.3.3f1/Editor/Data/Managed'
Mono path[1] = 'C:/Program Files/Unity/Hub/Editor/2021.3.3f1/Editor/Data/MonoBleedingEdge/lib/mono/unityjit-win32'
Mono config path = 'C:/Program Files/Unity/Hub/Editor/2021.3.3f1/Editor/Data/MonoBleedingEdge/etc'
Using monoOptions --debugger-agent=transport=dt_socket,embedding=1,server=y,suspend=n,address=127.0.0.1:56920
Begin MonoManager ReloadAssembly
Registering precompiled unity dll's ...
Register platform support module: C:/Program Files/Unity/Hub/Editor/2021.3.3f1/Editor/Data/PlaybackEngines/WindowsStandaloneSupport/UnityEditor.WindowsStandalone.Extensions.dll
Registered in 0.008015 seconds.
Native extension for WindowsStandalone target not found
Refreshing native plugins compatible for Editor in 116.97 ms, found 4 plugins.
Preloading 0 native plugins for Editor in 0.00 ms.
Mono: successfully reloaded assembly
- Completed reload, in  0.737 seconds
Domain Reload Profiling:
	ReloadAssembly (738ms)
		BeginReloadAssembly (74ms)
			ExecutionOrderSort (0ms)
			DisableScriptedObjects (0ms)
			BackupInstance (0ms)
			ReleaseScriptingObjects (0ms)
			CreateAndSetChildDomain (1ms)
		EndReloadAssembly (541ms)
			LoadAssemblies (72ms)
			RebuildTransferFunctionScriptingTraits (0ms)
			SetupTypeCache (145ms)
			ReleaseScriptCaches (0ms)
			RebuildScriptCaches (28ms)
			SetupLoadedEditorAssemblies (310ms)
				LogAssemblyErrors (0ms)
				InitializePlatformSupportModulesInManaged (7ms)
				SetLoadedEditorAssemblies (0ms)
				RefreshPlugins (117ms)
				BeforeProcessingInitializeOnLoad (2ms)
				ProcessInitializeOnLoadAttributes (141ms)
				ProcessInitializeOnLoadMethodAttributes (43ms)
				AfterProcessingInitializeOnLoad (0ms)
				EditorAssembliesLoaded (0ms)
			ExecutionOrderSort2 (0ms)
			AwakeInstancesAfterBackupRestoration (0ms)
Platform modules already initialized, skipping
Registering precompiled user dll's ...
Registered in 0.009169 seconds.
Begin MonoManager ReloadAssembly
Symbol file LoadedFromMemory doesn't match image C:\Users\darrin\Cybercrunk\Library\PackageCache\com.unity.visualscripting@1.7.6\Editor\VisualScripting.Core\Dependencies\YamlDotNet\Unity.VisualScripting.YamlDotNet.dll
Symbol file LoadedFromMemory doesn't match image C:\Users\darrin\Cybercrunk\Library\PackageCache\com.unity.visualscripting@1.7.6\Editor\VisualScripting.Core\Dependencies\DotNetZip\Unity.VisualScripting.IonicZip.dll
Native extension for WindowsStandalone target not found
Refreshing native plugins compatible for Editor in 114.08 ms, found 4 plugins.
Preloading 0 native plugins for Editor in 0.00 ms.
Mono: successfully reloaded assembly
- Completed reload, in  1.260 seconds
Domain Reload Profiling:
	ReloadAssembly (1261ms)
		BeginReloadAssembly (119ms)
			ExecutionOrderSort (0ms)
			DisableScriptedObjects (7ms)
			BackupInstance (0ms)
			ReleaseScriptingObjects (0ms)
			CreateAndSetChildDomain (22ms)
		EndReloadAssembly (1006ms)
			LoadAssemblies (91ms)
			RebuildTransferFunctionScriptingTraits (0ms)
			SetupTypeCache (263ms)
			ReleaseScriptCaches (1ms)
			RebuildScriptCaches (62ms)
			SetupLoadedEditorAssemblies (542ms)
				LogAssemblyErrors (0ms)
				InitializePlatformSupportModulesInManaged (5ms)
				SetLoadedEditorAssemblies (0ms)
				RefreshPlugins (114ms)
				BeforeProcessingInitializeOnLoad (118ms)
				ProcessInitializeOnLoadAttributes (252ms)
				ProcessInitializeOnLoadMethodAttributes (44ms)
				AfterProcessingInitializeOnLoad (9ms)
				EditorAssembliesLoaded (0ms)
			ExecutionOrderSort2 (0ms)
			AwakeInstancesAfterBackupRestoration (5ms)
Platform modules already initialized, skipping
========================================================================
Worker process is ready to serve import requests
Launched and connected shader compiler UnityShaderCompiler.exe after 0.05 seconds
Refreshing native plugins compatible for Editor in 0.90 ms, found 4 plugins.
Preloading 0 native plugins for Editor in 0.00 ms.
Unloading 4095 Unused Serialized files (Serialized files now loaded: 0)
Unloading 43 unused Assets / (225.9 KB). Loaded Objects now: 4546.
Memory consumption went from 153.9 MB to 153.7 MB.
Total: 4.045800 ms (FindLiveObjects: 0.465900 ms CreateObjectMapping: 0.368300 ms MarkObjects: 3.027600 ms  DeleteObjects: 0.182100 ms)

AssetImportParameters requested are different than current active one (requested -> active):
  custom:video-decoder-ogg-theora: a1e56fd34408186e4bbccfd4996cb3dc -> 
  custom:container-muxer-webm: aa71ff27fc2769a1b78a27578f13a17b -> 
  custom:container-demuxer-webm: 4f35f7cbe854078d1ac9338744f61a02 -> 
  custom:video-encoder-webm-vp8: eb34c28f22e8b96e1ab97ce403110664 -> 
  custom:audio-encoder-webm-vorbis: bf7c407c2cedff20999df2af8eb42d56 -> 
  custom:framework-win-MediaFoundation: 216162199b28c13a410421893ffa2e32 -> 
  custom:container-demuxer-ogg: 62fdf1f143b41e24485cea50d1cbac27 -> 
  custom:video-decoder-webm-vp8: 9c59270c3fd7afecdb556c50c9e8de78 -> 
  custom:audio-decoder-ogg-vorbis: bf7c407c2cedff20999df2af8eb42d56 -> 
========================================================================
Received Import Request.
  Time since last request: 1282994.766498 seconds.
  path: Assets/Scenes/SampleScene.unity
  artifactKey: Guid(2cda990e2423bbf4892e6590ba056729) Importer(815301076,1909f56bfc062723c751e8b465ee728b)
Start importing Assets/Scenes/SampleScene.unity using Guid(2cda990e2423bbf4892e6590ba056729) Importer(815301076,1909f56bfc062723c751e8b465ee728b)  -> (artifact id: '93c6612fcd4b22580e6af12464f7aae7') in 0.015509 seconds 
========================================================================
Received Import Request.
  Time since last request: 26.478756 seconds.
  path: Assets/Scenes/Main.unity
  artifactKey: Guid(2cda990e2423bbf4892e6590ba056729) Importer(815301076,1909f56bfc062723c751e8b465ee728b)
Start importing Assets/Scenes/Main.unity using Guid(2cda990e2423bbf4892e6590ba056729) Importer(815301076,1909f56bfc062723c751e8b465ee728b)  -> (artifact id: 'c4d15a03f3b04fb1525b79f118afb90a') in 0.007001 seconds 
========================================================================
Received Import Request.
  Time since last request: 651.141178 seconds.
  path: Assets/TextMesh Pro/Examples & Extras
  artifactKey: Guid(ce51c8e33b734b4db6086586558c53a3) Importer(815301076,1909f56bfc062723c751e8b465ee728b)
Start importing Assets/TextMesh Pro/Examples & Extras using Guid(ce51c8e33b734b4db6086586558c53a3) Importer(815301076,1909f56bfc062723c751e8b465ee728b)  -> (artifact id: 'db2915a3e2f537059c05de7f5fd4958d') in 0.007073 seconds 
========================================================================
Received Import Request.
  Time since last request: 22.609005 seconds.
  path: Assets/TextMesh Pro/Examples & Extras/Fonts
  artifactKey: Guid(b63e0053080646b9819789bf3bf9fa17) Importer(815301076,1909f56bfc062723c751e8b465ee728b)
Start importing Assets/TextMesh Pro/Examples & Extras/Fonts using Guid(b63e0053080646b9819789bf3bf9fa17) Importer(815301076,1909f56bfc062723c751e8b465ee728b)  -> (artifact id: '5b631070529d3b301de3572c3b02e201') in 0.006322 seconds 
========================================================================
Received Import Request.
  Time since last request: 9.484089 seconds.
  path: Assets/TextMesh Pro/Examples & Extras/Scenes
  artifactKey: Guid(db1090641b3241f6995b587eb21637bc) Importer(815301076,1909f56bfc062723c751e8b465ee728b)
Start importing Assets/TextMesh Pro/Examples & Extras/Scenes using Guid(db1090641b3241f6995b587eb21637bc) Importer(815301076,1909f56bfc062723c751e8b465ee728b)  -> (artifact id: '8f7247609db1768650b65bbe544921f3') in 0.006064 seconds 
========================================================================
Received Import Request.
  Time since last request: 41.868797 seconds.
  path: Assets/TextMesh Pro/Examples & Extras/Scenes/01-  Single Line TextMesh Pro.unity
  artifactKey: Guid(2ac8cf212df6445e8aebbe3cb832e993) Importer(815301076,1909f56bfc062723c751e8b465ee728b)
Start importing Assets/TextMesh Pro/Examples & Extras/Scenes/01-  Single Line TextMesh Pro.unity using Guid(2ac8cf212df6445e8aebbe3cb832e993) Importer(815301076,1909f56bfc062723c751e8b465ee728b)  -> (artifact id: '8226c8515a3fd071959a90194421729f') in 0.006300 seconds 
========================================================================
Received Import Request.
  Time since last request: 69.413790 seconds.
  path: Assets/Scenes/Main.unity
  artifactKey: Guid(2cda990e2423bbf4892e6590ba056729) Importer(815301076,1909f56bfc062723c751e8b465ee728b)
Start importing Assets/Scenes/Main.unity using Guid(2cda990e2423bbf4892e6590ba056729) Importer(815301076,1909f56bfc062723c751e8b465ee728b)  -> (artifact id: 'b4348548f0d9c8b73657f9e382c8c7a4') in 0.006228 seconds 
========================================================================
Received Import Request.
  Time since last request: 561.176174 seconds.
  path: Assets/TextMesh Pro/Resources/Fonts & Materials/LiberationSans SDF - Drop Shadow.mat
  artifactKey: Guid(e73a58f6e2794ae7b1b7e50b7fb811b0) Importer(815301076,1909f56bfc062723c751e8b465ee728b)
Start importing Assets/TextMesh Pro/Resources/Fonts & Materials/LiberationSans SDF - Drop Shadow.mat using Guid(e73a58f6e2794ae7b1b7e50b7fb811b0) Importer(815301076,1909f56bfc062723c751e8b465ee728b)  -> (artifact id: '6e297ca7c190607346fb2becd84846b7') in 0.194632 seconds 
========================================================================
Received Import Request.
  Time since last request: 0.000033 seconds.
  path: Assets/TextMesh Pro/Resources/Fonts & Materials/LiberationSans SDF.asset
  artifactKey: Guid(8f586378b4e144a9851e7b34d9b748ee) Importer(815301076,1909f56bfc062723c751e8b465ee728b)
Start importing Assets/TextMesh Pro/Resources/Fonts & Materials/LiberationSans SDF.asset using Guid(8f586378b4e144a9851e7b34d9b748ee) Importer(815301076,1909f56bfc062723c751e8b465ee728b)  -> (artifact id: '706e9f124858e4155c998de2236346a8') in 0.063269 seconds 
========================================================================
Received Import Request.
  Time since last request: 300.098933 seconds.
  path: Assets/TextMesh Pro/Fonts/LiberationSans.ttf
  artifactKey: Guid(e3265ab4bf004d28a9537516768c1c75) Importer(815301076,1909f56bfc062723c751e8b465ee728b)
Start importing Assets/TextMesh Pro/Fonts/LiberationSans.ttf using Guid(e3265ab4bf004d28a9537516768c1c75) Importer(815301076,1909f56bfc062723c751e8b465ee728b)  -> (artifact id: 'f3bd036785823e2281556a384dd6489b') in 0.035134 seconds 
========================================================================
Received Import Request.
  Time since last request: 336.048812 seconds.
  path: Assets/Scenes
  artifactKey: Guid(131a6b21c8605f84396be9f6751fb6e3) Importer(815301076,1909f56bfc062723c751e8b465ee728b)
Start importing Assets/Scenes using Guid(131a6b21c8605f84396be9f6751fb6e3) Importer(815301076,1909f56bfc062723c751e8b465ee728b)  -> (artifact id: '2c23e514d24f6b65fe96946cd87fc526') in 0.002545 seconds 
========================================================================
Received Import Request.
  Time since last request: 20.545187 seconds.
  path: Assets/Scenes/TextPrefabs
  artifactKey: Guid(b7cc644ce38224c46ae84c091539cc02) Importer(815301076,1909f56bfc062723c751e8b465ee728b)
Start importing Assets/Scenes/TextPrefabs using Guid(b7cc644ce38224c46ae84c091539cc02) Importer(815301076,1909f56bfc062723c751e8b465ee728b)  -> (artifact id: '1730a8d806b4f85dccfea7687267b5ea') in 0.006616 seconds 
========================================================================
Received Import Request.
  Time since last request: 5.760655 seconds.
  path: Assets/Scenes/TextPrefabs/TextItem.prefab
  artifactKey: Guid(f029153435fcce34f9327b32a5a12fa3) Importer(815301076,1909f56bfc062723c751e8b465ee728b)
Start importing Assets/Scenes/TextPrefabs/TextItem.prefab using Guid(f029153435fcce34f9327b32a5a12fa3) Importer(815301076,1909f56bfc062723c751e8b465ee728b)  -> (artifact id: 'b5ad71103a9976c1986de8f521ad89cf') in 0.038711 seconds 
========================================================================
Received Import Request.
  Time since last request: 441.429040 seconds.
  path: ProjectSettings/TagManager.asset
  artifactKey: Guid(00000000000000003000000000000000) Importer(815301076,1909f56bfc062723c751e8b465ee728b)
Start importing ProjectSettings/TagManager.asset using Guid(00000000000000003000000000000000) Importer(815301076,1909f56bfc062723c751e8b465ee728b)  -> (artifact id: '5f74b9f0782f3ffe8a654b2b60a9f33c') in 0.007150 seconds 
========================================================================
Received Import Request.
  Time since last request: 3494.548420 seconds.
  path: Assets/Scenes/TextPrefabs/TextItem.prefab
  artifactKey: Guid(f029153435fcce34f9327b32a5a12fa3) Importer(815301076,1909f56bfc062723c751e8b465ee728b)
Start importing Assets/Scenes/TextPrefabs/TextItem.prefab using Guid(f029153435fcce34f9327b32a5a12fa3) Importer(815301076,1909f56bfc062723c751e8b465ee728b)  -> (artifact id: '839b9c5bb6d2c53774829458702d36ab') in 0.059376 seconds 
========================================================================
Received Import Request.
  Time since last request: 8.264085 seconds.
  path: Assets/Scenes/TextPrefabs/TextItem.prefab
  artifactKey: Guid(f029153435fcce34f9327b32a5a12fa3) Importer(815301076,1909f56bfc062723c751e8b465ee728b)
Start importing Assets/Scenes/TextPrefabs/TextItem.prefab using Guid(f029153435fcce34f9327b32a5a12fa3) Importer(815301076,1909f56bfc062723c751e8b465ee728b)  -> (artifact id: 'c6459f3780602bac73b16f4135621051') in 0.024800 seconds 
========================================================================
Received Import Request.
  Time since last request: 5.815701 seconds.
  path: Assets/Scenes/TextPrefabs/TextItem.prefab
  artifactKey: Guid(f029153435fcce34f9327b32a5a12fa3) Importer(815301076,1909f56bfc062723c751e8b465ee728b)
Start importing Assets/Scenes/TextPrefabs/TextItem.prefab using Guid(f029153435fcce34f9327b32a5a12fa3) Importer(815301076,1909f56bfc062723c751e8b465ee728b)  -> (artifact id: 'caaa3d800f9056690add2057671c5abf') in 0.023206 seconds 
========================================================================
Received Import Request.
  Time since last request: 1.798706 seconds.
  path: Assets/Scenes/TextPrefabs/TextItem.prefab
  artifactKey: Guid(f029153435fcce34f9327b32a5a12fa3) Importer(815301076,1909f56bfc062723c751e8b465ee728b)
Start importing Assets/Scenes/TextPrefabs/TextItem.prefab using Guid(f029153435fcce34f9327b32a5a12fa3) Importer(815301076,1909f56bfc062723c751e8b465ee728b)  -> (artifact id: 'baf2079ef09340e9089aa39cec783872') in 0.023551 seconds 
========================================================================
Received Import Request.
  Time since last request: 33.624503 seconds.
  path: Assets/Scenes/TextPrefabs/TextItem.prefab
  artifactKey: Guid(f029153435fcce34f9327b32a5a12fa3) Importer(815301076,1909f56bfc062723c751e8b465ee728b)
Start importing Assets/Scenes/TextPrefabs/TextItem.prefab using Guid(f029153435fcce34f9327b32a5a12fa3) Importer(815301076,1909f56bfc062723c751e8b465ee728b)  -> (artifact id: '77c2acecb2854d08ecea6491a28fe20c') in 0.022888 seconds 
========================================================================
Received Import Request.
  Time since last request: 3.395678 seconds.
  path: Assets/Scenes/TextPrefabs/TextItem.prefab
  artifactKey: Guid(f029153435fcce34f9327b32a5a12fa3) Importer(815301076,1909f56bfc062723c751e8b465ee728b)
Start importing Assets/Scenes/TextPrefabs/TextItem.prefab using Guid(f029153435fcce34f9327b32a5a12fa3) Importer(815301076,1909f56bfc062723c751e8b465ee728b)  -> (artifact id: '40196781b2e942528ab3804a6b03a669') in 0.020984 seconds 
========================================================================
Received Import Request.
  Time since last request: 170.752847 seconds.
  path: Assets/Scenes/TextPrefabs/TextItem.prefab
  artifactKey: Guid(f029153435fcce34f9327b32a5a12fa3) Importer(815301076,1909f56bfc062723c751e8b465ee728b)
Start importing Assets/Scenes/TextPrefabs/TextItem.prefab using Guid(f029153435fcce34f9327b32a5a12fa3) Importer(815301076,1909f56bfc062723c751e8b465ee728b)  -> (artifact id: '8e06efceea08087beac73050b38f8f6d') in 0.021209 seconds 
========================================================================
Received Import Request.
  Time since last request: 2.777293 seconds.
  path: Assets/Scenes/TextPrefabs/TextItem.prefab
  artifactKey: Guid(f029153435fcce34f9327b32a5a12fa3) Importer(815301076,1909f56bfc062723c751e8b465ee728b)
Start importing Assets/Scenes/TextPrefabs/TextItem.prefab using Guid(f029153435fcce34f9327b32a5a12fa3) Importer(815301076,1909f56bfc062723c751e8b465ee728b)  -> (artifact id: '1e66bbde6d2e6ea016a2074db6165796') in 0.020625 seconds 
========================================================================
Received Import Request.
  Time since last request: 13.264255 seconds.
  path: Assets/Scenes/TextPrefabs/TextItem.prefab
  artifactKey: Guid(f029153435fcce34f9327b32a5a12fa3) Importer(815301076,1909f56bfc062723c751e8b465ee728b)
Start importing Assets/Scenes/TextPrefabs/TextItem.prefab using Guid(f029153435fcce34f9327b32a5a12fa3) Importer(815301076,1909f56bfc062723c751e8b465ee728b)  -> (artifact id: '25fc909e9053542be64690ed218ac86c') in 0.023858 seconds 
